======================================================================
OVA-DETR训练
======================================================================

设备: cuda

======================================================================
加载数据
======================================================================
✅ 加载DIOR数据集 (train): 5862张图片
✅ 加载DIOR数据集 (val): 5863张图片

训练集: 5862张图片, 1466个批次
验证集: 5863张图片, 1466个批次

======================================================================
创建模型
======================================================================
======================================================================
初始化OVA-DETR模型
======================================================================
🔄 加载RemoteCLIP骨干网络: RN50
📦 加载RemoteCLIP权重: ../checkpoints/RemoteCLIP-RN50.pt
✅ RemoteCLIP骨干网络加载成功
✅ OVA-DETR初始化完成
   - 骨干网络: RN50
   - 查询数量: 300
   - 解码器层数: 6
   - 模型维度: 256
======================================================================

模型参数:
  总参数: 128,012,154
  可训练参数: 26,005,017

提取文本特征...
文本特征: torch.Size([20, 1024])

======================================================================
开始训练
======================================================================

======================================================================
Epoch 1/100
======================================================================
