/media/ubuntu22/цЦ░хКахН╖1/Projects/RemoteCLIP-main/remoteclip/lib/python3.11/site-packages/timm/models/registry.py:4: FutureWarning: Importing from timm.models.registry is deprecated, please import via timm.models
  warnings.warn(f"Importing from {__name__} is deprecated, please import via timm.models", FutureWarning)
/media/ubuntu22/цЦ░хКахН╖1/Projects/RemoteCLIP-main/remoteclip/lib/python3.11/site-packages/timm/models/layers/__init__.py:48: FutureWarning: Importing from timm.models.layers is deprecated, please import via timm.layers
  warnings.warn(f"Importing from {__name__} is deprecated, please import via timm.layers", FutureWarning)
ф╜┐чФишо╛хдЗ: cuda
хИЫх╗║чоАхМЦчЪДSurgeryCAMцибхЮЛ...
Loading SimpleSurgeryCAM (no p2p, no AAF)...
ЁЯУе хКаш╜╜цЭГщЗН: /media/ubuntu22/цЦ░хКахН╖1/Projects/RemoteCLIP-main/checkpoints/RemoteCLIP-ViT-B-32.pt
ЁЯФз ф╜┐чФиSurgeryцЮ╢цЮДя╝ИцЬЙVVц│ицДПхКЫя╝Й
тЬЕ цибхЮЛхКаш╜╜цИРхКЯ
тЬЕ CAMчФЯцИРхЩичЪДхПпхнжф╣ацКХх╜▒х▒Вх╖▓шзгхЖ╗
Trainable parameters: 920,564
ф╝ШхМЦхЩихПВцХ░:
  CAMчФЯцИРхЩихнжф╣ачОЗ: 1e-05
  BoxHeadхнжф╣ачОЗ: 0.0001

х╝АхзЛшонч╗Г...
цА╗epochцХ░: 100
шонч╗Гца╖цЬмцХ░: 11725
цЧех┐ЧцЦЗф╗╢: checkpoints/training_simple_surgery_cam_20251208_142249.log
Epoch [1/100] Loss: 2.9019 | L1: 0.2555 | GIoU: 1.0765 | CAM: 0.9869 | LR: 0.000010
тЬЕ ф┐ЭхнШцЬАф╜│цибхЮЛ (loss: 2.9019)
Epoch [2/100] Loss: 2.7797 | L1: 0.2223 | GIoU: 1.0334 | CAM: 0.9814 | LR: 0.000010
тЬЕ ф┐ЭхнШцЬАф╜│цибхЮЛ (loss: 2.7797)
Epoch [3/100] Loss: 2.7328 | L1: 0.2113 | GIoU: 1.0171 | CAM: 0.9748 | LR: 0.000010
тЬЕ ф┐ЭхнШцЬАф╜│цибхЮЛ (loss: 2.7328)
Epoch [4/100] Loss: 2.7202 | L1: 0.2057 | GIoU: 1.0147 | CAM: 0.9701 | LR: 0.000010
тЬЕ ф┐ЭхнШцЬАф╜│цибхЮЛ (loss: 2.7202)
Epoch [5/100] Loss: 2.6889 | L1: 0.2011 | GIoU: 1.0034 | CAM: 0.9619 | LR: 0.000010
тЬЕ ф┐ЭхнШцЬАф╜│цибхЮЛ (loss: 2.6889)
Epoch [6/100] Loss: 2.6802 | L1: 0.1975 | GIoU: 1.0024 | CAM: 0.9558 | LR: 0.000010
тЬЕ ф┐ЭхнШцЬАф╜│цибхЮЛ (loss: 2.6802)
Epoch [7/100] Loss: 2.6678 | L1: 0.1948 | GIoU: 0.9992 | CAM: 0.9490 | LR: 0.000010
тЬЕ ф┐ЭхнШцЬАф╜│цибхЮЛ (loss: 2.6678)
Epoch [8/100] Loss: 2.6640 | L1: 0.1935 | GIoU: 0.9994 | CAM: 0.9434 | LR: 0.000010
тЬЕ ф┐ЭхнШцЬАф╜│цибхЮЛ (loss: 2.6640)
Epoch [9/100] Loss: 2.6561 | L1: 0.1916 | GIoU: 0.9980 | CAM: 0.9371 | LR: 0.000010
тЬЕ ф┐ЭхнШцЬАф╜│цибхЮЛ (loss: 2.6561)
Epoch [10/100] Loss: 2.6504 | L1: 0.1903 | GIoU: 0.9969 | CAM: 0.9326 | LR: 0.000010
тЬЕ ф┐ЭхнШцЬАф╜│цибхЮЛ (loss: 2.6504)
Epoch [11/100] Loss: 2.6438 | L1: 0.1898 | GIoU: 0.9952 | CAM: 0.9273 | LR: 0.000010
тЬЕ ф┐ЭхнШцЬАф╜│цибхЮЛ (loss: 2.6438)
Epoch [12/100] Loss: 2.6439 | L1: 0.1886 | GIoU: 0.9965 | CAM: 0.9247 | LR: 0.000010
Epoch [13/100] Loss: 2.6324 | L1: 0.1868 | GIoU: 0.9927 | CAM: 0.9204 | LR: 0.000010
тЬЕ ф┐ЭхнШцЬАф╜│цибхЮЛ (loss: 2.6324)
Epoch [14/100] Loss: 2.6346 | L1: 0.1856 | GIoU: 0.9948 | CAM: 0.9188 | LR: 0.000010
Epoch [15/100] Loss: 2.6348 | L1: 0.1850 | GIoU: 0.9957 | CAM: 0.9169 | LR: 0.000010
Epoch [16/100] Loss: 2.6197 | L1: 0.1836 | GIoU: 0.9895 | CAM: 0.9142 | LR: 0.000009
тЬЕ ф┐ЭхнШцЬАф╜│цибхЮЛ (loss: 2.6197)
Epoch [17/100] Loss: 2.6218 | L1: 0.1836 | GIoU: 0.9910 | CAM: 0.9123 | LR: 0.000009
Epoch [18/100] Loss: 2.6224 | L1: 0.1825 | GIoU: 0.9916 | CAM: 0.9134 | LR: 0.000009
Epoch [19/100] Loss: 2.6200 | L1: 0.1816 | GIoU: 0.9911 | CAM: 0.9124 | LR: 0.000009
Epoch [20/100] Loss: 2.6122 | L1: 0.1810 | GIoU: 0.9879 | CAM: 0.9108 | LR: 0.000009
тЬЕ ф┐ЭхнШцЬАф╜│цибхЮЛ (loss: 2.6122)
Epoch [21/100] Loss: 2.6155 | L1: 0.1809 | GIoU: 0.9895 | CAM: 0.9110 | LR: 0.000009
Epoch [22/100] Loss: 2.6156 | L1: 0.1805 | GIoU: 0.9900 | CAM: 0.9102 | LR: 0.000009
Epoch [23/100] Loss: 2.6120 | L1: 0.1800 | GIoU: 0.9884 | CAM: 0.9103 | LR: 0.000009
тЬЕ ф┐ЭхнШцЬАф╜│цибхЮЛ (loss: 2.6120)
Epoch [24/100] Loss: 2.6116 | L1: 0.1804 | GIoU: 0.9883 | CAM: 0.9092 | LR: 0.000009
тЬЕ ф┐ЭхнШцЬАф╜│цибхЮЛ (loss: 2.6116)
Epoch [25/100] Loss: 2.6067 | L1: 0.1793 | GIoU: 0.9865 | CAM: 0.9086 | LR: 0.000009
тЬЕ ф┐ЭхнШцЬАф╜│цибхЮЛ (loss: 2.6067)
Epoch [26/100] Loss: 2.6036 | L1: 0.1787 | GIoU: 0.9852 | CAM: 0.9090 | LR: 0.000009
тЬЕ ф┐ЭхнШцЬАф╜│цибхЮЛ (loss: 2.6036)
Epoch [27/100] Loss: 2.6001 | L1: 0.1785 | GIoU: 0.9836 | CAM: 0.9086 | LR: 0.000008
тЬЕ ф┐ЭхнШцЬАф╜│цибхЮЛ (loss: 2.6001)
Epoch [28/100] Loss: 2.6031 | L1: 0.1787 | GIoU: 0.9851 | CAM: 0.9084 | LR: 0.000008
Epoch [29/100] Loss: 2.6000 | L1: 0.1779 | GIoU: 0.9843 | CAM: 0.9072 | LR: 0.000008
тЬЕ ф┐ЭхнШцЬАф╜│цибхЮЛ (loss: 2.6000)
Epoch [30/100] Loss: 2.5977 | L1: 0.1774 | GIoU: 0.9835 | CAM: 0.9068 | LR: 0.000008
тЬЕ ф┐ЭхнШцЬАф╜│цибхЮЛ (loss: 2.5977)
Epoch [31/100] Loss: 2.5964 | L1: 0.1769 | GIoU: 0.9829 | CAM: 0.9077 | LR: 0.000008
тЬЕ ф┐ЭхнШцЬАф╜│цибхЮЛ (loss: 2.5964)
Epoch [32/100] Loss: 2.5918 | L1: 0.1763 | GIoU: 0.9812 | CAM: 0.9062 | LR: 0.000008
тЬЕ ф┐ЭхнШцЬАф╜│цибхЮЛ (loss: 2.5918)
Epoch [33/100] Loss: 2.5899 | L1: 0.1756 | GIoU: 0.9807 | CAM: 0.9055 | LR: 0.000008
тЬЕ ф┐ЭхнШцЬАф╜│цибхЮЛ (loss: 2.5899)
Epoch [34/100] Loss: 2.5898 | L1: 0.1759 | GIoU: 0.9803 | CAM: 0.9064 | LR: 0.000008
тЬЕ ф┐ЭхнШцЬАф╜│цибхЮЛ (loss: 2.5898)
Epoch [35/100] Loss: 2.5881 | L1: 0.1761 | GIoU: 0.9792 | CAM: 0.9071 | LR: 0.000008
тЬЕ ф┐ЭхнШцЬАф╜│цибхЮЛ (loss: 2.5881)
Epoch [36/100] Loss: 2.5859 | L1: 0.1753 | GIoU: 0.9789 | CAM: 0.9056 | LR: 0.000007
тЬЕ ф┐ЭхнШцЬАф╜│цибхЮЛ (loss: 2.5859)
Epoch [37/100] Loss: 2.5787 | L1: 0.1746 | GIoU: 0.9758 | CAM: 0.9050 | LR: 0.000007
тЬЕ ф┐ЭхнШцЬАф╜│цибхЮЛ (loss: 2.5787)
Epoch [38/100] Loss: 2.5802 | L1: 0.1747 | GIoU: 0.9765 | CAM: 0.9050 | LR: 0.000007
Epoch [39/100] Loss: 2.5804 | L1: 0.1747 | GIoU: 0.9767 | CAM: 0.9045 | LR: 0.000007
Epoch [40/100] Loss: 2.5746 | L1: 0.1739 | GIoU: 0.9739 | CAM: 0.9057 | LR: 0.000007
тЬЕ ф┐ЭхнШцЬАф╜│цибхЮЛ (loss: 2.5746)
Epoch [41/100] Loss: 2.5748 | L1: 0.1736 | GIoU: 0.9744 | CAM: 0.9050 | LR: 0.000007
Epoch [42/100] Loss: 2.5755 | L1: 0.1737 | GIoU: 0.9745 | CAM: 0.9058 | LR: 0.000007
Epoch [43/100] Loss: 2.5665 | L1: 0.1725 | GIoU: 0.9706 | CAM: 0.9058 | LR: 0.000006
тЬЕ ф┐ЭхнШцЬАф╜│цибхЮЛ (loss: 2.5665)
Epoch [44/100] Loss: 2.5672 | L1: 0.1724 | GIoU: 0.9709 | CAM: 0.9060 | LR: 0.000006
Epoch [45/100] Loss: 2.5554 | L1: 0.1710 | GIoU: 0.9661 | CAM: 0.9044 | LR: 0.000006
тЬЕ ф┐ЭхнШцЬАф╜│цибхЮЛ (loss: 2.5554)
Epoch [46/100] Loss: 2.5572 | L1: 0.1715 | GIoU: 0.9666 | CAM: 0.9050 | LR: 0.000006
Epoch [47/100] Loss: 2.5540 | L1: 0.1708 | GIoU: 0.9652 | CAM: 0.9056 | LR: 0.000006
тЬЕ ф┐ЭхнШцЬАф╜│цибхЮЛ (loss: 2.5540)
Epoch [48/100] Loss: 2.5466 | L1: 0.1705 | GIoU: 0.9621 | CAM: 0.9037 | LR: 0.000006
тЬЕ ф┐ЭхнШцЬАф╜│цибхЮЛ (loss: 2.5466)
Epoch [49/100] Loss: 2.5423 | L1: 0.1697 | GIoU: 0.9603 | CAM: 0.9043 | LR: 0.000006
тЬЕ ф┐ЭхнШцЬАф╜│цибхЮЛ (loss: 2.5423)
Epoch [50/100] Loss: 2.5402 | L1: 0.1700 | GIoU: 0.9589 | CAM: 0.9050 | LR: 0.000006
тЬЕ ф┐ЭхнШцЬАф╜│цибхЮЛ (loss: 2.5402)
Epoch [51/100] Loss: 2.5402 | L1: 0.1690 | GIoU: 0.9593 | CAM: 0.9052 | LR: 0.000005
тЬЕ ф┐ЭхнШцЬАф╜│цибхЮЛ (loss: 2.5402)
Epoch [52/100] Loss: 2.5276 | L1: 0.1687 | GIoU: 0.9536 | CAM: 0.9032 | LR: 0.000005
тЬЕ ф┐ЭхнШцЬАф╜│цибхЮЛ (loss: 2.5276)
Epoch [53/100] Loss: 2.5312 | L1: 0.1686 | GIoU: 0.9552 | CAM: 0.9044 | LR: 0.000005
Epoch [54/100] Loss: 2.5303 | L1: 0.1685 | GIoU: 0.9546 | CAM: 0.9052 | LR: 0.000005
Epoch [55/100] Loss: 2.5274 | L1: 0.1679 | GIoU: 0.9536 | CAM: 0.9047 | LR: 0.000005
тЬЕ ф┐ЭхнШцЬАф╜│цибхЮЛ (loss: 2.5274)
Epoch [56/100] Loss: 2.5291 | L1: 0.1677 | GIoU: 0.9543 | CAM: 0.9056 | LR: 0.000005
Epoch [57/100] Loss: 2.5254 | L1: 0.1672 | GIoU: 0.9530 | CAM: 0.9043 | LR: 0.000005
тЬЕ ф┐ЭхнШцЬАф╜│цибхЮЛ (loss: 2.5254)
Epoch [58/100] Loss: 2.5164 | L1: 0.1663 | GIoU: 0.9492 | CAM: 0.9035 | LR: 0.000004
тЬЕ ф┐ЭхнШцЬАф╜│цибхЮЛ (loss: 2.5164)
Epoch [59/100] Loss: 2.5132 | L1: 0.1659 | GIoU: 0.9477 | CAM: 0.9039 | LR: 0.000004
тЬЕ ф┐ЭхнШцЬАф╜│цибхЮЛ (loss: 2.5132)
Epoch [60/100] Loss: 2.5147 | L1: 0.1658 | GIoU: 0.9483 | CAM: 0.9049 | LR: 0.000004
Epoch [61/100] Loss: 2.5140 | L1: 0.1662 | GIoU: 0.9480 | CAM: 0.9037 | LR: 0.000004
Epoch [62/100] Loss: 2.5125 | L1: 0.1661 | GIoU: 0.9472 | CAM: 0.9039 | LR: 0.000004
тЬЕ ф┐ЭхнШцЬАф╜│цибхЮЛ (loss: 2.5125)
Epoch [63/100] Loss: 2.5143 | L1: 0.1653 | GIoU: 0.9482 | CAM: 0.9052 | LR: 0.000004
Epoch [64/100] Loss: 2.5118 | L1: 0.1648 | GIoU: 0.9473 | CAM: 0.9047 | LR: 0.000004
тЬЕ ф┐ЭхнШцЬАф╜│цибхЮЛ (loss: 2.5118)
Epoch [65/100] Loss: 2.5064 | L1: 0.1646 | GIoU: 0.9449 | CAM: 0.9039 | LR: 0.000003
тЬЕ ф┐ЭхнШцЬАф╜│цибхЮЛ (loss: 2.5064)
Epoch [66/100] Loss: 2.4999 | L1: 0.1640 | GIoU: 0.9423 | CAM: 0.9028 | LR: 0.000003
тЬЕ ф┐ЭхнШцЬАф╜│цибхЮЛ (loss: 2.4999)
Epoch [67/100] Loss: 2.5007 | L1: 0.1636 | GIoU: 0.9428 | CAM: 0.9030 | LR: 0.000003
Epoch [68/100] Loss: 2.4968 | L1: 0.1629 | GIoU: 0.9410 | CAM: 0.9035 | LR: 0.000003
тЬЕ ф┐ЭхнШцЬАф╜│цибхЮЛ (loss: 2.4968)
Epoch [69/100] Loss: 2.5037 | L1: 0.1636 | GIoU: 0.9439 | CAM: 0.9044 | LR: 0.000003
Epoch [70/100] Loss: 2.4950 | L1: 0.1623 | GIoU: 0.9405 | CAM: 0.9036 | LR: 0.000003
тЬЕ ф┐ЭхнШцЬАф╜│цибхЮЛ (loss: 2.4950)
Epoch [71/100] Loss: 2.4988 | L1: 0.1626 | GIoU: 0.9420 | CAM: 0.9044 | LR: 0.000003
Epoch [72/100] Loss: 2.4891 | L1: 0.1614 | GIoU: 0.9381 | CAM: 0.9030 | LR: 0.000003
тЬЕ ф┐ЭхнШцЬАф╜│цибхЮЛ (loss: 2.4891)
Epoch [73/100] Loss: 2.4959 | L1: 0.1622 | GIoU: 0.9408 | CAM: 0.9042 | LR: 0.000003
Epoch [74/100] Loss: 2.4914 | L1: 0.1617 | GIoU: 0.9389 | CAM: 0.9038 | LR: 0.000002
Epoch [75/100] Loss: 2.4833 | L1: 0.1605 | GIoU: 0.9359 | CAM: 0.9021 | LR: 0.000002
тЬЕ ф┐ЭхнШцЬАф╜│цибхЮЛ (loss: 2.4833)
Epoch [76/100] Loss: 2.4846 | L1: 0.1609 | GIoU: 0.9357 | CAM: 0.9044 | LR: 0.000002
Epoch [77/100] Loss: 2.4878 | L1: 0.1603 | GIoU: 0.9380 | CAM: 0.9029 | LR: 0.000002
Epoch [78/100] Loss: 2.4857 | L1: 0.1603 | GIoU: 0.9367 | CAM: 0.9038 | LR: 0.000002
Epoch [79/100] Loss: 2.4849 | L1: 0.1604 | GIoU: 0.9365 | CAM: 0.9029 | LR: 0.000002
Epoch [80/100] Loss: 2.4812 | L1: 0.1599 | GIoU: 0.9345 | CAM: 0.9046 | LR: 0.000002
тЬЕ ф┐ЭхнШцЬАф╜│цибхЮЛ (loss: 2.4812)
Epoch [81/100] Loss: 2.4797 | L1: 0.1593 | GIoU: 0.9339 | CAM: 0.9051 | LR: 0.000002
тЬЕ ф┐ЭхнШцЬАф╜│цибхЮЛ (loss: 2.4797)
Epoch [82/100] Loss: 2.4805 | L1: 0.1596 | GIoU: 0.9344 | CAM: 0.9044 | LR: 0.000002
Epoch [83/100] Loss: 2.4827 | L1: 0.1593 | GIoU: 0.9355 | CAM: 0.9046 | LR: 0.000002
Epoch [84/100] Loss: 2.4726 | L1: 0.1583 | GIoU: 0.9316 | CAM: 0.9022 | LR: 0.000002
тЬЕ ф┐ЭхнШцЬАф╜│цибхЮЛ (loss: 2.4726)
Epoch [85/100] Loss: 2.4780 | L1: 0.1588 | GIoU: 0.9337 | CAM: 0.9034 | LR: 0.000001
Epoch [86/100] Loss: 2.4721 | L1: 0.1578 | GIoU: 0.9312 | CAM: 0.9038 | LR: 0.000001
тЬЕ ф┐ЭхнШцЬАф╜│цибхЮЛ (loss: 2.4721)
Epoch [87/100] Loss: 2.4736 | L1: 0.1583 | GIoU: 0.9319 | CAM: 0.9032 | LR: 0.000001
Epoch [88/100] Loss: 2.4720 | L1: 0.1575 | GIoU: 0.9314 | CAM: 0.9033 | LR: 0.000001
тЬЕ ф┐ЭхнШцЬАф╜│цибхЮЛ (loss: 2.4720)
Epoch [89/100] Loss: 2.4694 | L1: 0.1574 | GIoU: 0.9301 | CAM: 0.9039 | LR: 0.000001
тЬЕ ф┐ЭхнШцЬАф╜│цибхЮЛ (loss: 2.4694)
Epoch [90/100] Loss: 2.4780 | L1: 0.1579 | GIoU: 0.9341 | CAM: 0.9037 | LR: 0.000001
Epoch [91/100] Loss: 2.4690 | L1: 0.1575 | GIoU: 0.9304 | CAM: 0.9016 | LR: 0.000001
тЬЕ ф┐ЭхнШцЬАф╜│цибхЮЛ (loss: 2.4690)
Epoch [92/100] Loss: 2.4682 | L1: 0.1572 | GIoU: 0.9294 | CAM: 0.9045 | LR: 0.000001
тЬЕ ф┐ЭхнШцЬАф╜│цибхЮЛ (loss: 2.4682)
Epoch [93/100] Loss: 2.4674 | L1: 0.1572 | GIoU: 0.9294 | CAM: 0.9027 | LR: 0.000001
тЬЕ ф┐ЭхнШцЬАф╜│цибхЮЛ (loss: 2.4674)
Epoch [94/100] Loss: 2.4601 | L1: 0.1568 | GIoU: 0.9261 | CAM: 0.9025 | LR: 0.000001
тЬЕ ф┐ЭхнШцЬАф╜│цибхЮЛ (loss: 2.4601)
Epoch [95/100] Loss: 2.4652 | L1: 0.1571 | GIoU: 0.9283 | CAM: 0.9030 | LR: 0.000001
Epoch [96/100] Loss: 2.4584 | L1: 0.1567 | GIoU: 0.9256 | CAM: 0.9012 | LR: 0.000001
тЬЕ ф┐ЭхнШцЬАф╜│цибхЮЛ (loss: 2.4584)
Epoch [97/100] Loss: 2.4680 | L1: 0.1569 | GIoU: 0.9301 | CAM: 0.9019 | LR: 0.000001
Epoch [98/100] Loss: 2.4664 | L1: 0.1575 | GIoU: 0.9287 | CAM: 0.9031 | LR: 0.000001
Epoch [99/100] Loss: 2.4689 | L1: 0.1568 | GIoU: 0.9301 | CAM: 0.9039 | LR: 0.000001
Epoch [100/100] Loss: 2.4603 | L1: 0.1563 | GIoU: 0.9263 | CAM: 0.9029 | LR: 0.000001

шонч╗ГхоМцИРя╝Б
цЬАф╜│цНЯхд▒: 2.4584
цибхЮЛф┐ЭхнШхЬи: checkpoints
